#
# A fatal error has been detected by the Java Runtime Environment:
#
#  SIGSEGV (0xb) at pc=0xb487fd69, pid=10174, tid=3078175552
#
# JRE version: 7.0_21-b02
# Java VM: OpenJDK Server VM (23.7-b01 mixed mode linux-x86 )
# Problematic frame:
# J  com.thoughtworks.xstream.io.path.PathTracker.pushElement(Ljava/lang/String;)V
#
# Failed to write core dump. Core dumps have been disabled. To enable core dumping, try "ulimit -c unlimited" before starting Java again
#
# If you would like to submit a bug report, please include
# instructions on how to reproduce the bug and visit:
#   https://bugs.launchpad.net/ubuntu/+source/openjdk-7/
#

---------------  T H R E A D  ---------------

Current thread (0xb7606800):  JavaThread "main" [_thread_in_Java, id=10177, stack(0xb7743000,0xb7794000)]

siginfo:si_signo=SIGSEGV: si_errno=0, si_code=128 (), si_addr=0x00000000

Registers:
EAX=0x00000017, EBX=0xb7606800, ECX=0x84f54cc0, EDX=0x7c1b0100
ESP=0xb778fac0, EBP=0xe7814c81, ESI=0xe7814c81, EDI=0x84f54cc0
EIP=0xb487fd69, EFLAGS=0x00010286, CR2=0x00000004

Top of Stack: (sp=0xb778fac0)
0xb778fac0:   0000005f 84f54cc0 a79aa388 b7606800
0xb778fad0:   a977afa8 a977b028 00000000 e838d736
0xb778fae0:   a977afd8 b45fba05 a7995020 b4768c78
0xb778faf0:   00000000 7d5993b4 b778fb18 7d59a038
0xb778fb00:   7d630f3c 7d5993d0 b778fb3c b45fb487
0xb778fb10:   b45fb487 84f54cc0 a79aa388 b778fb1c
0xb778fb20:   7d598ddc b778fb44 7d59a158 7d630eac
0xb778fb30:   7d598df8 b778fb14 b778fb44 b778fb68 

Instructions: (pc=0xb487fd69)
0xb487fd49:   6c 24 14 8b 4c 24 10 0f b6 49 24 89 4c 24 18 85
0xb487fd59:   c9 0f 85 ff 11 00 00 8b 4c 24 04 8b 69 0c 85 ed
0xb487fd69:   0f 85 c1 07 00 00 8b 51 08 8b 72 08 85 f6 0f 8e
0xb487fd79:   f0 0e 00 00 85 f6 0f 86 60 11 00 00 8b de 4b 3b 

Register to memory mapping:

EAX=0x00000017 is an unknown value
EBX=0xb7606800 is a thread
ECX=0x84f54cc0 is an oop
java.lang.String 
 - klass: 'java/lang/String'
EDX=0x7c1b0100 is an oop
{instance class} 
 - klass: {other class}
ESP=0xb778fac0 is pointing into the stack for thread: 0xb7606800
EBP=0xe7814c81 is an unknown value
ESI=0xe7814c81 is an unknown value
EDI=0x84f54cc0 is an oop
java.lang.String 
 - klass: 'java/lang/String'


Stack: [0xb7743000,0xb7794000],  sp=0xb778fac0,  free space=306k
Native frames: (J=compiled Java code, j=interpreted, Vv=VM code, C=native code)
J  com.thoughtworks.xstream.io.path.PathTracker.pushElement(Ljava/lang/String;)V


---------------  P R O C E S S  ---------------

Java Threads: ( => current thread )
  0x7720a000 JavaThread "process reaper" daemon [_thread_blocked, id=10195, stack(0x7b603000,0x7b614000)]
  0x785f8c00 JavaThread "Service Thread" daemon [_thread_blocked, id=10192, stack(0x7b62e000,0x7b67f000)]
  0x785f7000 JavaThread "C2 CompilerThread1" daemon [_thread_in_native, id=10191, stack(0x77c7f000,0x77d00000)]
  0x785f5000 JavaThread "C2 CompilerThread0" daemon [_thread_in_native, id=10190, stack(0x77f7f000,0x78000000)]
  0x785f3400 JavaThread "Signal Dispatcher" daemon [_thread_blocked, id=10189, stack(0x7b82e000,0x7b87f000)]
  0x785b1000 JavaThread "Finalizer" daemon [_thread_blocked, id=10188, stack(0x7bb2e000,0x7bb7f000)]
  0x785af400 JavaThread "Reference Handler" daemon [_thread_blocked, id=10187, stack(0x7bd18000,0x7bd69000)]
=>0xb7606800 JavaThread "main" [_thread_in_Java, id=10177, stack(0xb7743000,0xb7794000)]

Other Threads:
  0x785a8c00 VMThread [stack: 0x7867f000,0x78700000] [id=10186]
  0x785fac00 WatcherThread [stack: 0x77a7f000,0x77b00000] [id=10193]

VM state:not at safepoint (normal execution)

VM Mutex/Monitor currently owned by a thread: None

Heap
 PSYoungGen      total 203968K, used 97953K [0xa43e0000, 0xb1e00000, 0xb4530000)
  eden space 193600K, 45% used [0xa43e0000,0xa996b3e0,0xb00f0000)
  from space 10368K, 99% used [0xb0e00000,0xb181d1c0,0xb1820000)
  to   space 13376K, 0% used [0xb00f0000,0xb00f0000,0xb0e00000)
 ParOldGen       total 32960K, used 17597K [0x84130000, 0x86160000, 0xa43e0000)
  object space 32960K, 53% used [0x84130000,0x8525f728,0x86160000)
 PSPermGen       total 21760K, used 21663K [0x7c130000, 0x7d670000, 0x84130000)
  object space 21760K, 99% used [0x7c130000,0x7d657da0,0x7d670000)

Card table byte_map: [0x7bf6d000,0x7c130000] byte_map_base: 0x7bb8c680

Polling page: 0xb77ab000

Code Cache  [0xb45f8000, 0xb4888000, 0xb75f8000)
 total_blobs=1132 nmethods=995 adapters=87 free_code_cache=46575Kb largest_free_block=47660608

Compilation events (10 events):
Event: 9.137 Thread 0x785f5000 nmethod 1017 0xb48722c8 code [0xb48723a0, 0xb48723f0]
Event: 9.137 Thread 0x785f5000 1018             com.thoughtworks.xstream.io.path.PathTracker::pushElement (140 bytes)
Event: 9.230 Thread 0x785f5000 nmethod 1018 0xb487f788 code [0xb487fa40, 0xb4881248]
Event: 9.230 Thread 0x785f5000 1019             com.thoughtworks.xstream.io.path.PathTrackingReader::moveDown (16 bytes)
Event: 9.238 Thread 0x785f5000 nmethod 1019 0xb4869508 code [0xb48696a0, 0xb4869cb8]
Event: 9.238 Thread 0x785f5000 1020             com.thoughtworks.xstream.io.ReaderWrapper::moveDown (10 bytes)
Event: 9.244 Thread 0x785f5000 nmethod 1020 0xb487ec48 code [0xb487eda0, 0xb487f27c]
Event: 9.244 Thread 0x785f5000 1021             com.thoughtworks.xstream.io.xml.AbstractDocumentReader::moveDown (58 bytes)
Event: 9.249 Thread 0x785f5000 nmethod 1021 0xb487e248 code [0xb487e380, 0xb487e81c]
Event: 9.249 Thread 0x785f5000 1022             com.thoughtworks.xstream.io.xml.DomReader::getChild (11 bytes)

GC Heap History (10 events):
Event: 1.900 GC heap before
{Heap before GC invocations=4 (full 0):
 PSYoungGen      total 26752K, used 26744K [0xa43e0000, 0xa7820000, 0xb4530000)
  eden space 24704K, 100% used [0xa43e0000,0xa5c00000,0xa5c00000)
  from space 2048K, 99% used [0xa5c00000,0xa5dfe030,0xa5e00000)
  to   space 2048K, 0% used [0xa7620000,0xa7620000,0xa7820000)
 ParOldGen       total 32960K, used 3412K [0x84130000, 0x86160000, 0xa43e0000)
  object space 32960K, 10% used [0x84130000,0x844852a0,0x86160000)
 PSPermGen       total 16384K, used 8583K [0x7c130000, 0x7d130000, 0x84130000)
  object space 16384K, 52% used [0x7c130000,0x7c991d78,0x7d130000)
Event: 1.908 GC heap after
Heap after GC invocations=4 (full 0):
 PSYoungGen      total 51456K, used 2042K [0xa43e0000, 0xa7820000, 0xb4530000)
  eden space 49408K, 0% used [0xa43e0000,0xa43e0000,0xa7420000)
  from space 2048K, 99% used [0xa7620000,0xa781e880,0xa7820000)
  to   space 2048K, 0% used [0xa7420000,0xa7420000,0xa7620000)
 ParOldGen       total 32960K, used 5788K [0x84130000, 0x86160000, 0xa43e0000)
  object space 32960K, 17% used [0x84130000,0x846d7270,0x86160000)
 PSPermGen       total 16384K, used 8583K [0x7c130000, 0x7d130000, 0x84130000)
  object space 16384K, 52% used [0x7c130000,0x7c991d78,0x7d130000)
}
Event: 2.536 GC heap before
{Heap before GC invocations=5 (full 0):
 PSYoungGen      total 51456K, used 51450K [0xa43e0000, 0xa7820000, 0xb4530000)
  eden space 49408K, 100% used [0xa43e0000,0xa7420000,0xa7420000)
  from space 2048K, 99% used [0xa7620000,0xa781e880,0xa7820000)
  to   space 2048K, 0% used [0xa7420000,0xa7420000,0xa7620000)
 ParOldGen       total 32960K, used 5788K [0x84130000, 0x86160000, 0xa43e0000)
  object space 32960K, 17% used [0x84130000,0x846d7270,0x86160000)
 PSPermGen       total 16384K, used 8728K [0x7c130000, 0x7d130000, 0x84130000)
  object space 16384K, 53% used [0x7c130000,0x7c9b6368,0x7d130000)
Event: 2.545 GC heap after
Heap after GC invocations=5 (full 0):
 PSYoungGen      total 51456K, used 2048K [0xa43e0000, 0xaaf00000, 0xb4530000)
  eden space 49408K, 0% used [0xa43e0000,0xa43e0000,0xa7420000)
  from space 2048K, 100% used [0xa7420000,0xa7620000,0xa7620000)
  to   space 5440K, 0% used [0xaa9b0000,0xaa9b0000,0xaaf00000)
 ParOldGen       total 32960K, used 7349K [0x84130000, 0x86160000, 0xa43e0000)
  object space 32960K, 22% used [0x84130000,0x8485d618,0x86160000)
 PSPermGen       total 16384K, used 8728K [0x7c130000, 0x7d130000, 0x84130000)
  object space 16384K, 53% used [0x7c130000,0x7c9b6368,0x7d130000)
}
Event: 3.080 GC heap before
{Heap before GC invocations=6 (full 0):
 PSYoungGen      total 51456K, used 51456K [0xa43e0000, 0xaaf00000, 0xb4530000)
  eden space 49408K, 100% used [0xa43e0000,0xa7420000,0xa7420000)
  from space 2048K, 100% used [0xa7420000,0xa7620000,0xa7620000)
  to   space 5440K, 0% used [0xaa9b0000,0xaa9b0000,0xaaf00000)
 ParOldGen       total 32960K, used 7349K [0x84130000, 0x86160000, 0xa43e0000)
  object space 32960K, 22% used [0x84130000,0x8485d618,0x86160000)
 PSPermGen       total 16384K, used 9243K [0x7c130000, 0x7d130000, 0x84130000)
  object space 16384K, 56% used [0x7c130000,0x7ca36dd0,0x7d130000)
Event: 3.091 GC heap after
Heap after GC invocations=6 (full 0):
 PSYoungGen      total 103744K, used 4998K [0xa43e0000, 0xab000000, 0xb4530000)
  eden space 98304K, 0% used [0xa43e0000,0xa43e0000,0xaa3e0000)
  from space 5440K, 91% used [0xaa9b0000,0xaae91910,0xaaf00000)
  to   space 5952K, 0% used [0xaa3e0000,0xaa3e0000,0xaa9b0000)
 ParOldGen       total 32960K, used 7349K [0x84130000, 0x86160000, 0xa43e0000)
  object space 32960K, 22% used [0x84130000,0x8485d618,0x86160000)
 PSPermGen       total 16384K, used 9243K [0x7c130000, 0x7d130000, 0x84130000)
  object space 16384K, 56% used [0x7c130000,0x7ca36dd0,0x7d130000)
}
Event: 4.940 GC heap before
{Heap before GC invocations=7 (full 0):
 PSYoungGen      total 103744K, used 103302K [0xa43e0000, 0xab000000, 0xb4530000)
  eden space 98304K, 100% used [0xa43e0000,0xaa3e0000,0xaa3e0000)
  from space 5440K, 91% used [0xaa9b0000,0xaae91910,0xaaf00000)
  to   space 5952K, 0% used [0xaa3e0000,0xaa3e0000,0xaa9b0000)
 ParOldGen       total 32960K, used 7349K [0x84130000, 0x86160000, 0xa43e0000)
  object space 32960K, 22% used [0x84130000,0x8485d618,0x86160000)
 PSPermGen       total 16384K, used 15336K [0x7c130000, 0x7d130000, 0x84130000)
  object space 16384K, 93% used [0x7c130000,0x7d02a048,0x7d130000)
Event: 4.959 GC heap after
Heap after GC invocations=7 (full 0):
 PSYoungGen      total 104256K, used 5944K [0xa43e0000, 0xb1820000, 0xb4530000)
  eden space 98304K, 0% used [0xa43e0000,0xa43e0000,0xaa3e0000)
  from space 5952K, 99% used [0xaa3e0000,0xaa9ae208,0xaa9b0000)
  to   space 10368K, 0% used [0xb0e00000,0xb0e00000,0xb1820000)
 ParOldGen       total 32960K, used 14482K [0x84130000, 0x86160000, 0xa43e0000)
  object space 32960K, 43% used [0x84130000,0x84f54b00,0x86160000)
 PSPermGen       total 16384K, used 15336K [0x7c130000, 0x7d130000, 0x84130000)
  object space 16384K, 93% used [0x7c130000,0x7d02a048,0x7d130000)
}
Event: 6.747 GC heap before
{Heap before GC invocations=8 (full 0):
 PSYoungGen      total 104256K, used 104248K [0xa43e0000, 0xb1820000, 0xb4530000)
  eden space 98304K, 100% used [0xa43e0000,0xaa3e0000,0xaa3e0000)
  from space 5952K, 99% used [0xaa3e0000,0xaa9ae208,0xaa9b0000)
  to   space 10368K, 0% used [0xb0e00000,0xb0e00000,0xb1820000)
 ParOldGen       total 32960K, used 14482K [0x84130000, 0x86160000, 0xa43e0000)
  object space 32960K, 43% used [0x84130000,0x84f54b00,0x86160000)
 PSPermGen       total 20224K, used 20139K [0x7c130000, 0x7d4f0000, 0x84130000)
  object space 20224K, 99% used [0x7c130000,0x7d4dac30,0x7d4f0000)
Event: 6.765 GC heap after
Heap after GC invocations=8 (full 0):
 PSYoungGen      total 203968K, used 10356K [0xa43e0000, 0xb1e00000, 0xb4530000)
  eden space 193600K, 0% used [0xa43e0000,0xa43e0000,0xb00f0000)
  from space 10368K, 99% used [0xb0e00000,0xb181d1c0,0xb1820000)
  to   space 13376K, 0% used [0xb00f0000,0xb00f0000,0xb0e00000)
 ParOldGen       total 32960K, used 17597K [0x84130000, 0x86160000, 0xa43e0000)
  object space 32960K, 53% used [0x84130000,0x8525f728,0x86160000)
 PSPermGen       total 20224K, used 20139K [0x7c130000, 0x7d4f0000, 0x84130000)
  object space 20224K, 99% used [0x7c130000,0x7d4dac30,0x7d4f0000)
}

Deoptimization events (10 events):
Event: 7.505 Thread 0xb7606800 Uncommon trap -58 fr.pc 0xb46f8478
Event: 7.505 Thread 0xb7606800 Uncommon trap -58 fr.pc 0xb46f8478
Event: 7.538 Thread 0xb7606800 Uncommon trap -122 fr.pc 0xb479a604
Event: 7.554 Thread 0xb7606800 Uncommon trap -83 fr.pc 0xb47a6aac
Event: 7.691 Thread 0xb7606800 Uncommon trap -34 fr.pc 0xb4758524
Event: 7.692 Thread 0xb7606800 Uncommon trap -34 fr.pc 0xb4758524
Event: 7.692 Thread 0xb7606800 Uncommon trap -34 fr.pc 0xb4758524
Event: 7.692 Thread 0xb7606800 Uncommon trap -34 fr.pc 0xb4758524
Event: 8.517 Thread 0xb7606800 Uncommon trap -12 fr.pc 0xb471f554
Event: 8.537 Thread 0xb7606800 Uncommon trap -12 fr.pc 0xb48554e4

Internal exceptions (10 events):
Event: 9.107 Thread 0xb7606800 Threw 0xa9172ee0 at /build/buildd/openjdk-7-7u21-2.3.9/build/openjdk/hotspot/src/share/vm/prims/jvm.cpp:1166
Event: 9.108 Thread 0xb7606800 Threw 0xa9187ed0 at /build/buildd/openjdk-7-7u21-2.3.9/build/openjdk/hotspot/src/share/vm/prims/jvm.cpp:1166
Event: 9.109 Thread 0xb7606800 Threw 0xa918a448 at /build/buildd/openjdk-7-7u21-2.3.9/build/openjdk/hotspot/src/share/vm/prims/jvm.cpp:1166
Event: 9.110 Thread 0xb7606800 Threw 0xa91a4198 at /build/buildd/openjdk-7-7u21-2.3.9/build/openjdk/hotspot/src/share/vm/prims/jvm.cpp:1166
Event: 9.110 Thread 0xb7606800 Threw 0xa91a6710 at /build/buildd/openjdk-7-7u21-2.3.9/build/openjdk/hotspot/src/share/vm/prims/jvm.cpp:1166
Event: 9.136 Thread 0xb7606800 Threw 0xa92ddc68 at /build/buildd/openjdk-7-7u21-2.3.9/build/openjdk/hotspot/src/share/vm/prims/jvm.cpp:1166
Event: 9.136 Thread 0xb7606800 Threw 0xa92e00f8 at /build/buildd/openjdk-7-7u21-2.3.9/build/openjdk/hotspot/src/share/vm/prims/jvm.cpp:1166
Event: 9.223 Thread 0xb7606800 Threw 0xa973a578 at /build/buildd/openjdk-7-7u21-2.3.9/build/openjdk/hotspot/src/share/vm/prims/jvm.cpp:1166
Event: 9.224 Thread 0xb7606800 Threw 0xa973bf10 at /build/buildd/openjdk-7-7u21-2.3.9/build/openjdk/hotspot/src/share/vm/prims/jvm.cpp:1166
Event: 9.230 Thread 0xb7606800 Implicit null exception at 0xb487fd69 to 0x00000000

Events (10 events):
Event: 9.136 loading class 0x760708a8
Event: 9.136 loading class 0x760708a8 done
Event: 9.136 loading class 0x760708a8
Event: 9.136 loading class 0x760708a8 done
Event: 9.223 loading class 0x76115c60
Event: 9.223 loading class 0x76115c60 done
Event: 9.223 loading class 0x76115c60
Event: 9.223 loading class 0x76115c60 done
Event: 9.223 loading class 0x76115c60
Event: 9.223 loading class 0x76115c60 done


Dynamic libraries:
00110000-00113000 r-xp 00000000 08:04 147190     /lib/i386-linux-gnu/libdl-2.15.so
00113000-00114000 r--p 00002000 08:04 147190     /lib/i386-linux-gnu/libdl-2.15.so
00114000-00115000 rw-p 00003000 08:04 147190     /lib/i386-linux-gnu/libdl-2.15.so
00115000-0013f000 r-xp 00000000 08:04 145895     /lib/i386-linux-gnu/libm-2.15.so
0013f000-00140000 r--p 00029000 08:04 145895     /lib/i386-linux-gnu/libm-2.15.so
00140000-00141000 rw-p 0002a000 08:04 145895     /lib/i386-linux-gnu/libm-2.15.so
00141000-00148000 r-xp 00000000 08:04 144380     /lib/i386-linux-gnu/librt-2.15.so
00148000-00149000 r--p 00006000 08:04 144380     /lib/i386-linux-gnu/librt-2.15.so
00149000-0014a000 rw-p 00007000 08:04 144380     /lib/i386-linux-gnu/librt-2.15.so
0014a000-00154000 r-xp 00000000 08:04 144391     /lib/i386-linux-gnu/libnss_nis-2.15.so
00154000-00155000 r--p 00009000 08:04 144391     /lib/i386-linux-gnu/libnss_nis-2.15.so
00155000-00156000 rw-p 0000a000 08:04 144391     /lib/i386-linux-gnu/libnss_nis-2.15.so
00156000-00161000 r-xp 00000000 08:04 144350     /lib/i386-linux-gnu/libnss_files-2.15.so
00161000-00162000 r--p 0000a000 08:04 144350     /lib/i386-linux-gnu/libnss_files-2.15.so
00162000-00163000 rw-p 0000b000 08:04 144350     /lib/i386-linux-gnu/libnss_files-2.15.so
00163000-00179000 r-xp 00000000 08:04 398158     /usr/lib/jvm/java-7-openjdk-i386/jre/lib/i386/libnet.so
00179000-0017a000 r--p 00015000 08:04 398158     /usr/lib/jvm/java-7-openjdk-i386/jre/lib/i386/libnet.so
0017a000-0017b000 rw-p 00016000 08:04 398158     /usr/lib/jvm/java-7-openjdk-i386/jre/lib/i386/libnet.so
0017b000-00192000 r-xp 00000000 08:04 144399     /lib/i386-linux-gnu/libpthread-2.15.so
00192000-00193000 r--p 00016000 08:04 144399     /lib/i386-linux-gnu/libpthread-2.15.so
00193000-00194000 rw-p 00017000 08:04 144399     /lib/i386-linux-gnu/libpthread-2.15.so
00194000-00196000 rw-p 00000000 00:00 0 
00196000-0026e000 r-xp 00000000 08:04 531823     /usr/lib/i386-linux-gnu/libstdc++.so.6.0.16
0026e000-0026f000 ---p 000d8000 08:04 531823     /usr/lib/i386-linux-gnu/libstdc++.so.6.0.16
0026f000-00273000 r--p 000d8000 08:04 531823     /usr/lib/i386-linux-gnu/libstdc++.so.6.0.16
00273000-00274000 rw-p 000dc000 08:04 531823     /usr/lib/i386-linux-gnu/libstdc++.so.6.0.16
00274000-0027b000 rw-p 00000000 00:00 0 
0027b000-0027e000 r-xp 00000000 08:04 550406     /usr/lib/i386-linux-gnu/libgmodule-2.0.so.0.3200.3
0027e000-0027f000 r--p 00002000 08:04 550406     /usr/lib/i386-linux-gnu/libgmodule-2.0.so.0.3200.3
0027f000-00280000 rw-p 00003000 08:04 550406     /usr/lib/i386-linux-gnu/libgmodule-2.0.so.0.3200.3
00280000-0029d000 r-xp 00000000 08:04 133333     /lib/i386-linux-gnu/libselinux.so.1
0029d000-0029e000 r--p 0001c000 08:04 133333     /lib/i386-linux-gnu/libselinux.so.1
0029e000-0029f000 rw-p 0001d000 08:04 133333     /lib/i386-linux-gnu/libselinux.so.1
002a0000-002a1000 r-xp 00000000 00:00 0          [vdso]
002a1000-003f4000 r-xp 00000000 08:04 550404     /usr/lib/i386-linux-gnu/libgio-2.0.so.0.3200.3
003f4000-003f6000 r--p 00153000 08:04 550404     /usr/lib/i386-linux-gnu/libgio-2.0.so.0.3200.3
003f6000-003f7000 rw-p 00155000 08:04 550404     /usr/lib/i386-linux-gnu/libgio-2.0.so.0.3200.3
003f7000-003f8000 rw-p 00000000 00:00 0 
003f8000-0040b000 r-xp 00000000 08:04 144358     /lib/i386-linux-gnu/libresolv-2.15.so
0040b000-0040c000 ---p 00013000 08:04 144358     /lib/i386-linux-gnu/libresolv-2.15.so
0040c000-0040d000 r--p 00013000 08:04 144358     /lib/i386-linux-gnu/libresolv-2.15.so
0040d000-0040e000 rw-p 00014000 08:04 144358     /lib/i386-linux-gnu/libresolv-2.15.so
0040e000-00410000 rw-p 00000000 00:00 0 
00453000-0045b000 r-xp 00000000 08:04 397143     /usr/lib/jvm/java-7-openjdk-i386/jre/lib/i386/libzip.so
0045b000-0045c000 r--p 00007000 08:04 397143     /usr/lib/jvm/java-7-openjdk-i386/jre/lib/i386/libzip.so
0045c000-0045d000 rw-p 00008000 08:04 397143     /usr/lib/jvm/java-7-openjdk-i386/jre/lib/i386/libzip.so
0045d000-00554000 r-xp 00000000 08:04 133951     /lib/i386-linux-gnu/libglib-2.0.so.0.3200.3
00554000-00555000 r--p 000f6000 08:04 133951     /lib/i386-linux-gnu/libglib-2.0.so.0.3200.3
00555000-00556000 rw-p 000f7000 08:04 133951     /lib/i386-linux-gnu/libglib-2.0.so.0.3200.3
00728000-0073e000 r-xp 00000000 08:04 165081     /lib/i386-linux-gnu/libnsl-2.15.so
0073e000-0073f000 r--p 00015000 08:04 165081     /lib/i386-linux-gnu/libnsl-2.15.so
0073f000-00740000 rw-p 00016000 08:04 165081     /lib/i386-linux-gnu/libnsl-2.15.so
00740000-00742000 rw-p 00000000 00:00 0 
007b4000-007b9000 r-xp 00000000 08:04 598705     /usr/lib/i386-linux-gnu/libffi.so.6.0.0
007b9000-007ba000 r--p 00004000 08:04 598705     /usr/lib/i386-linux-gnu/libffi.so.6.0.0
007ba000-007bb000 rw-p 00005000 08:04 598705     /usr/lib/i386-linux-gnu/libffi.so.6.0.0
007e4000-00804000 r-xp 00000000 08:04 146144     /lib/i386-linux-gnu/ld-2.15.so
00804000-00805000 r--p 0001f000 08:04 146144     /lib/i386-linux-gnu/ld-2.15.so
00805000-00806000 rw-p 00020000 08:04 146144     /lib/i386-linux-gnu/ld-2.15.so
00837000-00871000 r-xp 00000000 08:04 141933     /lib/i386-linux-gnu/libpcre.so.3.12.1
00871000-00872000 r--p 00039000 08:04 141933     /lib/i386-linux-gnu/libpcre.so.3.12.1
00872000-00873000 rw-p 0003a000 08:04 141933     /lib/i386-linux-gnu/libpcre.so.3.12.1
0090a000-00911000 r-xp 00000000 08:04 143448     /lib/i386-linux-gnu/libnss_compat-2.15.so
00911000-00912000 r--p 00006000 08:04 143448     /lib/i386-linux-gnu/libnss_compat-2.15.so
00912000-00913000 rw-p 00007000 08:04 143448     /lib/i386-linux-gnu/libnss_compat-2.15.so
0091f000-00933000 r-xp 00000000 08:04 138077     /lib/i386-linux-gnu/libz.so.1.2.3.4
00933000-00934000 r--p 00013000 08:04 138077     /lib/i386-linux-gnu/libz.so.1.2.3.4
00934000-00935000 rw-p 00014000 08:04 138077     /lib/i386-linux-gnu/libz.so.1.2.3.4
00935000-00946000 r-xp 00000000 08:04 397145     /usr/lib/jvm/java-7-openjdk-i386/jre/lib/i386/libnio.so
00946000-00947000 r--p 00010000 08:04 397145     /usr/lib/jvm/java-7-openjdk-i386/jre/lib/i386/libnio.so
00947000-00948000 rw-p 00011000 08:04 397145     /usr/lib/jvm/java-7-openjdk-i386/jre/lib/i386/libnio.so
00ab9000-00ae0000 r-xp 00000000 08:04 398175     /usr/lib/jvm/java-7-openjdk-i386/jre/lib/i386/libjava.so
00ae0000-00ae1000 r--p 00026000 08:04 398175     /usr/lib/jvm/java-7-openjdk-i386/jre/lib/i386/libjava.so
00ae1000-00ae2000 rw-p 00027000 08:04 398175     /usr/lib/jvm/java-7-openjdk-i386/jre/lib/i386/libjava.so
00af2000-00afe000 r-xp 00000000 08:04 398145     /usr/lib/jvm/java-7-openjdk-i386/jre/lib/i386/libverify.so
00afe000-00aff000 r--p 0000b000 08:04 398145     /usr/lib/jvm/java-7-openjdk-i386/jre/lib/i386/libverify.so
00aff000-00b00000 rw-p 0000c000 08:04 398145     /usr/lib/jvm/java-7-openjdk-i386/jre/lib/i386/libverify.so
00b01000-00b0e000 r-xp 00000000 08:04 398162     /usr/lib/jvm/java-7-openjdk-i386/jre/lib/i386/jli/libjli.so
00b0e000-00b0f000 r--p 0000c000 08:04 398162     /usr/lib/jvm/java-7-openjdk-i386/jre/lib/i386/jli/libjli.so
00b0f000-00b10000 rw-p 0000d000 08:04 398162     /usr/lib/jvm/java-7-openjdk-i386/jre/lib/i386/jli/libjli.so
00b3f000-00b5b000 r-xp 00000000 08:04 141938     /lib/i386-linux-gnu/libgcc_s.so.1
00b5b000-00b5c000 r--p 0001b000 08:04 141938     /lib/i386-linux-gnu/libgcc_s.so.1
00b5c000-00b5d000 rw-p 0001c000 08:04 141938     /lib/i386-linux-gnu/libgcc_s.so.1
00bf0000-00c3d000 r-xp 00000000 08:04 550408     /usr/lib/i386-linux-gnu/libgobject-2.0.so.0.3200.3
00c3d000-00c3e000 r--p 0004c000 08:04 550408     /usr/lib/i386-linux-gnu/libgobject-2.0.so.0.3200.3
00c3e000-00c3f000 rw-p 0004d000 08:04 550408     /usr/lib/i386-linux-gnu/libgobject-2.0.so.0.3200.3
00c73000-00e16000 r-xp 00000000 08:04 137371     /lib/i386-linux-gnu/libc-2.15.so
00e16000-00e18000 r--p 001a3000 08:04 137371     /lib/i386-linux-gnu/libc-2.15.so
00e18000-00e19000 rw-p 001a5000 08:04 137371     /lib/i386-linux-gnu/libc-2.15.so
00e19000-00e1c000 rw-p 00000000 00:00 0 
00e1c000-01701000 r-xp 00000000 08:04 397287     /usr/lib/jvm/java-7-openjdk-i386/jre/lib/i386/server/libjvm.so
01701000-01748000 r--p 008e5000 08:04 397287     /usr/lib/jvm/java-7-openjdk-i386/jre/lib/i386/server/libjvm.so
01748000-0175c000 rw-p 0092c000 08:04 397287     /usr/lib/jvm/java-7-openjdk-i386/jre/lib/i386/server/libjvm.so
0175c000-01b78000 rw-p 00000000 00:00 0 
08048000-08049000 r-xp 00000000 08:04 396711     /usr/lib/jvm/java-7-openjdk-i386/jre/bin/java
08049000-0804a000 r--p 00000000 08:04 396711     /usr/lib/jvm/java-7-openjdk-i386/jre/bin/java
0804a000-0804b000 rw-p 00001000 08:04 396711     /usr/lib/jvm/java-7-openjdk-i386/jre/bin/java
08b4e000-08c4c000 rw-p 00000000 00:00 0          [heap]
75100000-751c1000 rw-p 00000000 00:00 0 
751c1000-75200000 ---p 00000000 00:00 0 
75300000-75361000 rw-p 00000000 00:00 0 
75361000-75400000 ---p 00000000 00:00 0 
75500000-755fd000 rw-p 00000000 00:00 0 
755fd000-75600000 ---p 00000000 00:00 0 
75700000-757f1000 rw-p 00000000 00:00 0 
757f1000-75800000 ---p 00000000 00:00 0 
75900000-759fc000 rw-p 00000000 00:00 0 
759fc000-75a00000 ---p 00000000 00:00 0 
75b00000-75bfe000 rw-p 00000000 00:00 0 
75bfe000-75c00000 ---p 00000000 00:00 0 
75c00000-75cff000 rw-p 00000000 00:00 0 
75cff000-75d00000 ---p 00000000 00:00 0 
75d00000-75e00000 rw-p 00000000 00:00 0 
75e00000-75efd000 rw-p 00000000 00:00 0 
75efd000-75f00000 ---p 00000000 00:00 0 
76000000-760fb000 rw-p 00000000 00:00 0 
760fb000-76100000 ---p 00000000 00:00 0 
76100000-761ff000 rw-p 00000000 00:00 0 
761ff000-76200000 ---p 00000000 00:00 0 
76200000-762ff000 rw-p 00000000 00:00 0 
762ff000-76300000 ---p 00000000 00:00 0 
76400000-764fc000 rw-p 00000000 00:00 0 
764fc000-76500000 ---p 00000000 00:00 0 
76600000-76700000 rw-p 00000000 00:00 0 
76800000-76a00000 rw-p 00000000 00:00 0 
76a00000-76afe000 rw-p 00000000 00:00 0 
76afe000-76b00000 ---p 00000000 00:00 0 
76c00000-76cfa000 rw-p 00000000 00:00 0 
76cfa000-76d00000 ---p 00000000 00:00 0 
76e00000-76ef9000 rw-p 00000000 00:00 0 
76ef9000-76f00000 ---p 00000000 00:00 0 
76f00000-76fff000 rw-p 00000000 00:00 0 
76fff000-77000000 ---p 00000000 00:00 0 
77000000-770fe000 rw-p 00000000 00:00 0 
770fe000-77100000 ---p 00000000 00:00 0 
77100000-771fa000 rw-p 00000000 00:00 0 
771fa000-77200000 ---p 00000000 00:00 0 
77200000-772ff000 rw-p 00000000 00:00 0 
772ff000-77300000 ---p 00000000 00:00 0 
77400000-77500000 rw-p 00000000 00:00 0 
77500000-77600000 rw-p 00000000 00:00 0 
77600000-776fb000 rw-p 00000000 00:00 0 
776fb000-77700000 ---p 00000000 00:00 0 
77700000-77900000 rw-p 00000000 00:00 0 
77900000-779ff000 rw-p 00000000 00:00 0 
779ff000-77a00000 ---p 00000000 00:00 0 
77a7f000-77a80000 ---p 00000000 00:00 0 
77a80000-77b00000 rw-p 00000000 00:00 0 
77b00000-77c00000 rw-p 00000000 00:00 0 
77c7f000-77c82000 ---p 00000000 00:00 0 
77c82000-77d00000 rw-p 00000000 00:00 0 
77d00000-77dfd000 rw-p 00000000 00:00 0 
77dfd000-77e00000 ---p 00000000 00:00 0 
77e00000-77e21000 rw-p 00000000 00:00 0 
77e21000-77f00000 ---p 00000000 00:00 0 
77f7f000-77f82000 ---p 00000000 00:00 0 
77f82000-78000000 rw-p 00000000 00:00 0 
78000000-78200000 r--p 00000000 08:04 523411     /usr/lib/locale/locale-archive
78200000-78221000 rw-p 00000000 00:00 0 
78221000-78300000 ---p 00000000 00:00 0 
78300000-78321000 rw-p 00000000 00:00 0 
78321000-78400000 ---p 00000000 00:00 0 
78400000-78421000 rw-p 00000000 00:00 0 
78421000-78500000 ---p 00000000 00:00 0 
78500000-785fe000 rw-p 00000000 00:00 0 
785fe000-78600000 ---p 00000000 00:00 0 
7867f000-78680000 ---p 00000000 00:00 0 
78680000-78700000 rw-p 00000000 00:00 0 
78700000-787f1000 rw-p 00000000 00:00 0 
787f1000-78800000 ---p 00000000 00:00 0 
78821000-78869000 rw-p 00000000 00:00 0 
78869000-78a16000 r--s 01cde000 08:04 397131     /usr/lib/jvm/java-7-openjdk-i386/jre/lib/rt.jar
78a16000-7af00000 rw-p 00000000 00:00 0 
7af00000-7af21000 rw-p 00000000 00:00 0 
7af21000-7b000000 ---p 00000000 00:00 0 
7b06a000-7b06d000 r--s 00011000 08:06 1859296    /home/miguelgd/.m2/repository/org/modelinglab/actiongui/tasks/gtm-macro/parser/1.0-SNAPSHOT/parser-1.0-SNAPSHOT.jar
7b06d000-7b06f000 r--s 00006000 08:06 1999870    /home/miguelgd/.m2/repository/org/modelinglab/actiongui/tasks/gtm-macro/expansors/1.0-SNAPSHOT/expansors-1.0-SNAPSHOT.jar
7b06f000-7b071000 r--s 00002000 08:06 1859264    /home/miguelgd/.m2/repository/org/modelinglab/actiongui/tasks/gtm-macro/model/1.0-SNAPSHOT/model-1.0-SNAPSHOT.jar
7b071000-7b072000 r--s 00001000 08:06 1859079    /home/miguelgd/.m2/repository/org/modelinglab/actiongui/tasks/gtm-macro/expander/1.0-SNAPSHOT/expander-1.0-SNAPSHOT.jar
7b072000-7b073000 r--s 00000000 08:06 1999876    /home/miguelgd/.m2/repository/org/modelinglab/actiongui/tasks/gtm-macro/gtmmacro/1.0-SNAPSHOT/gtmmacro-1.0-SNAPSHOT.jar
7b073000-7b075000 r--s 00003000 08:06 1998430    /home/miguelgd/.m2/repository/org/modelinglab/actiongui/tasks/gtm-macro/gtm-macro-maven-plugin/1.0-SNAPSHOT/gtm-macro-maven-plugin-1.0-SNAPSHOT.jar
7b075000-7b079000 r--s 00035000 08:06 1967301    /home/miguelgd/.m2/repository/org/codehaus/plexus/plexus-utils/3.0.5/plexus-utils-3.0.5.jar
7b079000-7b07a000 r--s 00006000 08:06 1967283    /home/miguelgd/.m2/repository/org/apache/maven/plugins/maven-install-plugin/2.4/maven-install-plugin-2.4.jar
7b07a000-7b07b000 r--s 00002000 08:06 1967247    /home/miguelgd/.m2/repository/org/codehaus/plexus/plexus-digest/1.0/plexus-digest-1.0.jar
7b07b000-7b07e000 r--s 0001b000 08:06 1967246    /home/miguelgd/.m2/repository/junit/junit/3.8.1/junit-3.8.1.jar
7b07e000-7b07f000 r--s 00005000 08:06 1967610    /home/miguelgd/.m2/repository/org/apache/maven/plugins/maven-install-plugin/2.3.1/maven-install-plugin-2.3.1.jar
7b07f000-7b080000 ---p 00000000 00:00 0 
7b080000-7b100000 rw-p 00000000 00:00 0 
7b100000-7b121000 rw-p 00000000 00:00 0 
7b121000-7b200000 ---p 00000000 00:00 0 
7b200000-7b204000 r--s 00033000 08:06 1849773    /home/miguelgd/.m2/repository/org/codehaus/plexus/plexus-utils/2.0.5/plexus-utils-2.0.5.jar
7b204000-7b205000 r--s 00005000 08:06 1967602    /home/miguelgd/.m2/repository/org/apache/maven/plugins/maven-clean-plugin/2.4.1/maven-clean-plugin-2.4.1.jar
7b205000-7b20d000 r--s 0003b000 08:06 1982133    /home/miguelgd/.m2/repository/org/modelinglab/sql4ocl/1.0.1-SNAPSHOT/sql4ocl-1.0.1-SNAPSHOT.jar
7b20d000-7b20f000 r--s 00001000 08:06 1982086    /home/miguelgd/.m2/repository/org/modelinglab/utils/filesystem/1.0.1-SNAPSHOT/filesystem-1.0.1-SNAPSHOT.jar
7b20f000-7b215000 r--s 00c67000 08:06 1981921    /home/miguelgd/.m2/repository/org/modelinglab/actiongui/vm/vaadin-viewer/2.0.1-SNAPSHOT/vaadin-viewer-2.0.1-SNAPSHOT.war
7b215000-7b217000 r--s 00009000 08:06 1852367    /home/miguelgd/.m2/repository/org/modelinglab/actiongui/maven/ag-vm-maven-plugin/2.0.1-SNAPSHOT/ag-vm-maven-plugin-2.0.1-SNAPSHOT.jar
7b217000-7b218000 r--s 00001000 08:06 1982097    /home/miguelgd/.m2/repository/org/modelinglab/utils/scope/1.0.1-SNAPSHOT/scope-1.0.1-SNAPSHOT.jar
7b218000-7b21b000 r--s 00010000 08:06 1981752    /home/miguelgd/.m2/repository/org/modelinglab/actiongui/tasks/jasfaggen/2.0.1-SNAPSHOT/jasfaggen-2.0.1-SNAPSHOT.jar
7b21b000-7b21e000 r--s 00014000 08:06 1981738    /home/miguelgd/.m2/repository/org/modelinglab/actiongui/tasks/gtmmerge/2.0.1-SNAPSHOT/gtmmerge-2.0.1-SNAPSHOT.jar
7b21e000-7b224000 r--s 0002a000 08:06 1981745    /home/miguelgd/.m2/repository/org/modelinglab/actiongui/tasks/gtmanalyzer/2.0.1-SNAPSHOT/gtmanalyzer-2.0.1-SNAPSHOT.jar
7b224000-7b22a000 r--s 00031000 08:06 1981722    /home/miguelgd/.m2/repository/org/modelinglab/actiongui/mm/gtm/2.0.1-SNAPSHOT/gtm-2.0.1-SNAPSHOT.jar
7b22a000-7b22b000 r--s 00001000 08:06 1981731    /home/miguelgd/.m2/repository/org/modelinglab/actiongui/tasks/gtmparser/2.0.1-SNAPSHOT/gtmparser-2.0.1-SNAPSHOT.jar
7b22b000-7b22c000 r--s 00004000 08:06 1852360    /home/miguelgd/.m2/repository/org/modelinglab/actiongui/maven/ag-gtm-maven-plugin/2.0.1-SNAPSHOT/ag-gtm-maven-plugin-2.0.1-SNAPSHOT.jar
7b22c000-7b22d000 r--s 00002000 08:06 1981716    /home/miguelgd/.m2/repository/org/modelinglab/actiongui/tasks/sdamgen/2.0.1-SNAPSHOT/sdamgen-2.0.1-SNAPSHOT.jar
7b22d000-7b22f000 r--s 00009000 08:06 1981711    /home/miguelgd/.m2/repository/org/modelinglab/actiongui/tasks/stmanalyzer/2.0.1-SNAPSHOT/stmanalyzer-2.0.1-SNAPSHOT.jar
7b22f000-7b231000 r--s 00001000 08:06 1981701    /home/miguelgd/.m2/repository/org/modelinglab/actiongui/mm/stm/2.0.1-SNAPSHOT/stm-2.0.1-SNAPSHOT.jar
7b231000-7b235000 r--s 0001d000 08:06 1981706    /home/miguelgd/.m2/repository/org/modelinglab/actiongui/tasks/stmparser/2.0.1-SNAPSHOT/stmparser-2.0.1-SNAPSHOT.jar
7b235000-7b236000 r--s 00004000 08:06 1981885    /home/miguelgd/.m2/repository/org/modelinglab/actiongui/maven/ag-stm-maven-plugin/2.0.1-SNAPSHOT/ag-stm-maven-plugin-2.0.1-SNAPSHOT.jar
7b236000-7b237000 r--s 00000000 08:06 1982054    /home/miguelgd/.m2/repository/org/modelinglab/utils/serialize/core/1.0.0/core-1.0.0.jar
7b237000-7b239000 r--s 00005000 08:06 1966284    /home/miguelgd/.m2/repository/xpp3/xpp3_min/1.1.4c/xpp3_min-1.1.4c.jar
7b239000-7b23a000 r--s 00001000 08:06 1966283    /home/miguelgd/.m2/repository/xmlpull/xmlpull/1.1.3.1/xmlpull-1.1.3.1.jar
7b23a000-7b247000 r--s 0006a000 08:06 1981810    /home/miguelgd/.m2/repository/com/thoughtworks/xstream/xstream/1.4.4/xstream-1.4.4.jar
7b247000-7b24f000 r--s 00040000 08:06 1981946    /home/miguelgd/.m2/repository/org/modelinglab/ocl/parser/1.0.3-SNAPSHOT/parser-1.0.3-SNAPSHOT.jar
7b24f000-7b252000 r--s 00008000 08:06 1852568    /home/miguelgd/.m2/repository/org/modelinglab/ocl/utils/1.0.3-SNAPSHOT/utils-1.0.3-SNAPSHOT.jar
7b252000-7b256000 r--s 00015000 08:06 1849870    /home/miguelgd/.m2/repository/org/modelinglab/actiongui/mm/jasfag/2.0.1-SNAPSHOT/jasfag-2.0.1-SNAPSHOT.jar
7b256000-7b27f000 r--s 001ee000 08:06 1849649    /home/miguelgd/.m2/repository/com/google/guava/guava/14.0.1/guava-14.0.1.jar
7b27f000-7b280000 ---p 00000000 00:00 0 
7b280000-7b300000 rw-p 00000000 00:00 0 
7b300000-7b321000 rw-p 00000000 00:00 0 
7b321000-7b400000 ---p 00000000 00:00 0 
7b400000-7b402000 r--s 00000000 08:06 1982057    /home/miguelgd/.m2/repository/org/modelinglab/utils/serialize/xml/1.0.1-SNAPSHOT/xml-1.0.1-SNAPSHOT.jar
7b402000-7b403000 r--s 00001000 08:06 1849159    /home/miguelgd/.m2/repository/org/modelinglab/utils/m2m/1.0.1-SNAPSHOT/m2m-1.0.1-SNAPSHOT.jar
7b403000-7b404000 r--s 00001000 08:06 1982108    /home/miguelgd/.m2/repository/org/modelinglab/mm/sdam/1.0.2-SNAPSHOT/sdam-1.0.2-SNAPSHOT.jar
7b404000-7b406000 r--s 00001000 08:06 1981814    /home/miguelgd/.m2/repository/org/modelinglab/actiongui/maven/plugin-tools/2.0.1-SNAPSHOT/plugin-tools-2.0.1-SNAPSHOT.jar
7b406000-7b408000 r--s 00008000 08:06 1981996    /home/miguelgd/.m2/repository/org/modelinglab/sdao/core/0.2-SNAPSHOT/core-0.2-SNAPSHOT.jar
7b408000-7b409000 r--s 00001000 08:06 1981690    /home/miguelgd/.m2/repository/org/modelinglab/actiongui/vm/core/2.0.1-SNAPSHOT/core-2.0.1-SNAPSHOT.jar
7b409000-7b40a000 r--s 00003000 08:06 1981695    /home/miguelgd/.m2/repository/org/modelinglab/actiongui/tasks/umlgen/2.0.1-SNAPSHOT/umlgen-2.0.1-SNAPSHOT.jar
7b40a000-7b414000 r--s 00062000 08:06 1852563    /home/miguelgd/.m2/repository/org/modelinglab/ocl/core/1.0.3-SNAPSHOT/core-1.0.3-SNAPSHOT.jar
7b414000-7b424000 r--s 0007c000 08:06 1844699    /home/miguelgd/.m2/repository/joda-time/joda-time/2.1/joda-time-2.1.jar
7b424000-7b435000 r--s 00061000 08:06 1981677    /home/miguelgd/.m2/repository/org/modelinglab/ocl/evaluator/1.0.3-SNAPSHOT/evaluator-1.0.3-SNAPSHOT.jar
7b435000-7b439000 r--s 00014000 08:06 1981975    /home/miguelgd/.m2/repository/org/modelinglab/ocl/ext/complex-types/1.0.3-SNAPSHOT/complex-types-1.0.3-SNAPSHOT.jar
7b439000-7b43a000 r--s 00002000 08:06 1849663    /home/miguelgd/.m2/repository/org/modelinglab/actiongui/mm/dtm/2.0.1-SNAPSHOT/dtm-2.0.1-SNAPSHOT.jar
7b43a000-7b43b000 r--s 00001000 08:06 2642208    /home/miguelgd/.m2/repository/org/modelinglab/utils/doc/1.0.0/doc-1.0.0.jar
7b43b000-7b43d000 r--s 00006000 08:06 1844690    /home/miguelgd/.m2/repository/com/google/code/findbugs/jsr305/2.0.1/jsr305-2.0.1.jar
7b43d000-7b43e000 r--s 00002000 08:06 2642211    /home/miguelgd/.m2/repository/org/modelinglab/mm/source/1.0.4-SNAPSHOT/source-1.0.4-SNAPSHOT.jar
7b43e000-7b442000 r--s 00021000 08:06 1849700    /home/miguelgd/.m2/repository/org/modelinglab/actiongui/tasks/dtmparser/2.0.1-SNAPSHOT/dtmparser-2.0.1-SNAPSHOT.jar
7b442000-7b444000 r--s 00002000 08:06 1844691    /home/miguelgd/.m2/repository/org/sonatype/plexus/plexus-cipher/1.4/plexus-cipher-1.4.jar
7b444000-7b445000 r--s 00006000 08:06 1844687    /home/miguelgd/.m2/repository/org/sonatype/plexus/plexus-sec-dispatcher/1.3/plexus-sec-dispatcher-1.3.jar
7b445000-7b447000 r--s 00000000 08:06 1837981    /home/miguelgd/.m2/repository/org/codehaus/plexus/plexus-component-annotations/1.5.5/plexus-component-annotations-1.5.5.jar
7b447000-7b44b000 r--s 00033000 08:06 1844685    /home/miguelgd/.m2/repository/org/codehaus/plexus/plexus-utils/2.0.6/plexus-utils-2.0.6.jar
7b44b000-7b44d000 r--s 0000d000 08:06 1844678    /home/miguelgd/.m2/repository/org/codehaus/plexus/plexus-interpolation/1.14/plexus-interpolation-1.14.jar
7b44d000-7b451000 r--s 0001c000 08:06 1844682    /home/miguelgd/.m2/repository/org/sonatype/aether/aether-util/1.13.1/aether-util-1.13.1.jar
7b451000-7b470000 r--s 00152000 08:06 1844683    /home/miguelgd/.m2/repository/org/sonatype/sisu/sisu-guava/0.9.9/sisu-guava-0.9.9.jar
7b470000-7b478000 r--s 00050000 08:06 1844681    /home/miguelgd/.m2/repository/org/sonatype/sisu/sisu-guice/3.1.0/sisu-guice-3.1.0-no_aop.jar
7b478000-7b47f000 r--s 00040000 08:06 1844679    /home/miguelgd/.m2/repository/org/sonatype/sisu/sisu-inject-bean/2.3.0/sisu-inject-bean-2.3.0.jar
7b47f000-7b480000 ---p 00000000 00:00 0 
7b480000-7b500000 rw-p 00000000 00:00 0 
7b500000-7b521000 rw-p 00000000 00:00 0 
7b521000-7b600000 ---p 00000000 00:00 0 
7b600000-7b602000 r--s 00009000 08:06 1849759    /home/miguelgd/.m2/repository/org/modelinglab/actiongui/tasks/dtmanalyzer/2.0.1-SNAPSHOT/dtmanalyzer-2.0.1-SNAPSHOT.jar
7b602000-7b603000 r--s 00004000 08:06 1981872    /home/miguelgd/.m2/repository/org/modelinglab/actiongui/maven/ag-dtm-maven-plugin/2.0.1-SNAPSHOT/ag-dtm-maven-plugin-2.0.1-SNAPSHOT.jar
7b603000-7b606000 ---p 00000000 00:00 0 
7b606000-7b614000 rw-p 00000000 00:00 0 
7b614000-7b619000 r--s 0004c000 08:04 7801       /usr/lib/jvm/java-7-openjdk-common/jre/lib/jsse.jar
7b619000-7b61b000 r--s 0000c000 08:06 2120848    /home/miguelgd/netbeans/netbeans-7.3/java/maven/lib/maven-aether-provider-3.0.4.jar
7b61b000-7b620000 r--s 00020000 08:06 2120878    /home/miguelgd/netbeans/netbeans-7.3/java/maven/lib/maven-model-builder-3.0.4.jar
7b620000-7b622000 r--s 00002000 08:06 2120959    /home/miguelgd/netbeans/netbeans-7.3/java/maven/lib/plexus-cipher-1.7.jar
7b622000-7b62b000 r--s 000bc000 08:04 7794       /usr/lib/jvm/java-7-openjdk-common/jre/lib/resources.jar
7b62b000-7b62e000 r--s 00008000 08:06 2120828    /home/miguelgd/netbeans/netbeans-7.3/java/maven/lib/maven-settings-builder-3.0.4.jar
7b62e000-7b631000 ---p 00000000 00:00 0 
7b631000-7b67f000 rw-p 00000000 00:00 0 
7b67f000-7b680000 ---p 00000000 00:00 0 
7b680000-7b700000 rw-p 00000000 00:00 0 
7b700000-7b721000 rw-p 00000000 00:00 0 
7b721000-7b800000 ---p 00000000 00:00 0 
7b800000-7b801000 r--p 00000000 00:00 0 
7b801000-7b804000 r--s 0001d000 08:06 2120951    /home/miguelgd/netbeans/netbeans-7.3/java/maven/lib/aether-impl-1.13.1.jar
7b804000-7b806000 r--s 0000a000 08:06 2120924    /home/miguelgd/netbeans/netbeans-7.3/java/maven/lib/maven-plugin-api-3.0.4.jar
7b806000-7b808000 r--s 00000000 08:06 2120646    /home/miguelgd/netbeans/netbeans-7.3/java/maven/lib/plexus-component-annotations-1.5.5.jar
7b808000-7b80e000 r--s 0002b000 08:06 2120896    /home/miguelgd/netbeans/netbeans-7.3/java/maven/lib/sisu-inject-plexus-2.3.0.jar
7b80e000-7b814000 r--s 0003e000 08:06 2120952    /home/miguelgd/netbeans/netbeans-7.3/java/maven/lib/maven-compat-3.0.4.jar
7b814000-7b815000 r--s 00006000 08:06 2120879    /home/miguelgd/netbeans/netbeans-7.3/java/maven/lib/plexus-sec-dispatcher-1.3.jar
7b815000-7b817000 r--s 0000b000 08:06 2120922    /home/miguelgd/netbeans/netbeans-7.3/java/maven/lib/wagon-provider-api-2.2.jar
7b817000-7b81e000 r--s 0003e000 08:06 2120923    /home/miguelgd/netbeans/netbeans-7.3/java/maven/lib/sisu-inject-bean-2.3.0.jar
7b81e000-7b820000 r--s 0000a000 08:06 2120935    /home/miguelgd/netbeans/netbeans-7.3/java/maven/lib/maven-settings-3.0.4.jar
7b820000-7b822000 r--s 0000b000 08:06 2120936    /home/miguelgd/netbeans/netbeans-7.3/java/maven/lib/maven-artifact-3.0.4.jar
7b822000-7b82e000 r--s 0007b000 08:06 2120972    /home/miguelgd/netbeans/netbeans-7.3/java/maven/lib/maven-core-3.0.4.jar
7b82e000-7b831000 ---p 00000000 00:00 0 
7b831000-7b87f000 rw-p 00000000 00:00 0 
7b87f000-7b880000 ---p 00000000 00:00 0 
7b880000-7b900000 rw-p 00000000 00:00 0 
7b900000-7b921000 rw-p 00000000 00:00 0 
7b921000-7ba00000 ---p 00000000 00:00 0 
7ba00000-7ba21000 rw-p 00000000 00:00 0 
7ba21000-7bb00000 ---p 00000000 00:00 0 
7bb00000-7bb01000 r--s 00003000 08:06 2120961    /home/miguelgd/netbeans/netbeans-7.3/java/maven/lib/aether-spi-1.13.1.jar
7bb01000-7bb02000 r--s 00009000 08:06 2120978    /home/miguelgd/netbeans/netbeans-7.3/java/maven/lib/commons-cli-1.2.jar
7bb02000-7bb0a000 r--s 0004e000 08:06 2120913    /home/miguelgd/netbeans/netbeans-7.3/java/maven/lib/sisu-guice-3.1.0-no_aop.jar
7bb0a000-7bb0c000 r--s 00006000 08:06 2120806    /home/miguelgd/netbeans/netbeans-7.3/java/maven/lib/aether-connector-wagon-1.13.1.jar
7bb0c000-7bb10000 r--s 0001c000 08:06 2120954    /home/miguelgd/netbeans/netbeans-7.3/java/maven/lib/aether-util-1.13.1.jar
7bb10000-7bb2e000 r--s 0014f000 08:06 2120971    /home/miguelgd/netbeans/netbeans-7.3/java/maven/lib/sisu-guava-0.9.9.jar
7bb2e000-7bb31000 ---p 00000000 00:00 0 
7bb31000-7bb7f000 rw-p 00000000 00:00 0 
7bb7f000-7bb80000 ---p 00000000 00:00 0 
7bb80000-7bc00000 rw-p 00000000 00:00 0 
7bc00000-7bc21000 rw-p 00000000 00:00 0 
7bc21000-7bd00000 ---p 00000000 00:00 0 
7bd00000-7bd03000 r--s 00025000 08:06 2120960    /home/miguelgd/netbeans/netbeans-7.3/java/maven/lib/maven-model-3.0.4.jar
7bd03000-7bd04000 r--s 00002000 08:06 2120981    /home/miguelgd/netbeans/netbeans-7.3/java/maven/lib/wagon-file-2.2.jar
7bd04000-7bd06000 r--s 00009000 08:06 2120937    /home/miguelgd/netbeans/netbeans-7.3/java/maven/lib/maven-embedder-3.0.4.jar
7bd06000-7bd18000 r--s 0009c000 08:06 2120932    /home/miguelgd/netbeans/netbeans-7.3/java/maven/lib/wagon-http-2.2-shaded.jar
7bd18000-7bd1b000 ---p 00000000 00:00 0 
7bd1b000-7bd69000 rw-p 00000000 00:00 0 
7bd69000-7bd6a000 ---p 00000000 00:00 0 
7bd6a000-7bdea000 rw-p 00000000 00:00 0 
7bdea000-7bdeb000 ---p 00000000 00:00 0 
7bdeb000-7be7c000 rw-p 00000000 00:00 0 
7be7c000-7bf6d000 rw-p 00000000 00:00 0 
7bf6d000-7bf78000 rw-p 00000000 00:00 0 
7bf78000-7bfad000 rw-p 00000000 00:00 0 
7bfad000-7bfbe000 rw-p 00000000 00:00 0 
7bfbe000-7c0ae000 rw-p 00000000 00:00 0 
7c0ae000-7c11c000 rw-p 00000000 00:00 0 
7c11c000-7c12f000 rw-p 00000000 00:00 0 
7c12f000-7d670000 rw-p 00000000 00:00 0 
7d670000-84130000 rw-p 00000000 00:00 0 
84130000-86160000 rw-p 00000000 00:00 0 
86160000-a43e0000 rw-p 00000000 00:00 0 
a43e0000-b1e00000 rw-p 00000000 00:00 0 
b1e00000-b4530000 rw-p 00000000 00:00 0 
b4530000-b4534000 r--s 00012000 08:06 2120962    /home/miguelgd/netbeans/netbeans-7.3/java/maven/lib/aether-api-1.13.1.jar
b4534000-b4536000 r--s 00006000 08:06 2120747    /home/miguelgd/netbeans/netbeans-7.3/java/maven/lib/maven-repository-metadata-3.0.4.jar
b4536000-b4538000 r--s 0000d000 08:06 2120877    /home/miguelgd/netbeans/netbeans-7.3/java/maven/lib/plexus-interpolation-1.14.jar
b4538000-b4543000 rw-p 00000000 00:00 0 
b4543000-b45f8000 rw-p 00000000 00:00 0 
b45f8000-b4890000 rwxp 00000000 00:00 0 
b4890000-b75f8000 rw-p 00000000 00:00 0 
b75f8000-b7600000 rw-s 00000000 08:04 463527     /tmp/hsperfdata_miguelgd/10174
b7600000-b76f9000 rw-p 00000000 00:00 0 
b76f9000-b7700000 ---p 00000000 00:00 0 
b7700000-b7703000 r--s 00033000 08:06 2120953    /home/miguelgd/netbeans/netbeans-7.3/java/maven/lib/plexus-utils-2.0.6.jar
b7703000-b770e000 rw-p 00000000 00:00 0 
b770e000-b7743000 rw-p 00000000 00:00 0 
b7743000-b7746000 ---p 00000000 00:00 0 
b7746000-b7796000 rw-p 00000000 00:00 0 
b7796000-b7798000 r--s 0000a000 08:06 2120912    /home/miguelgd/netbeans/netbeans-7.3/java/maven/boot/plexus-classworlds-2.4.jar
b7798000-b779b000 r--s 00032000 08:04 138086     /usr/lib/jvm/java-7-openjdk-common/jre/lib/ext/sunjce_provider.jar
b779b000-b779c000 r--s 00002000 08:04 138861     /usr/lib/jvm/java-7-openjdk-common/jre/lib/ext/dnsns.jar
b779c000-b779f000 r--s 0003c000 08:04 133026     /usr/lib/jvm/java-7-openjdk-common/jre/lib/ext/sunpkcs11.jar
b779f000-b77a2000 r--s 0000f000 08:04 138090     /usr/lib/jvm/java-7-openjdk-common/jre/lib/ext/pulse-java.jar
b77a2000-b77a3000 r--s 00007000 08:04 792499     /usr/share/java/java-atk-wrapper.jar
b77a3000-b77a7000 r--s 00085000 08:04 136142     /usr/lib/jvm/java-7-openjdk-common/jre/lib/ext/localedata.jar
b77a7000-b77a9000 r--s 00012000 08:04 139251     /usr/lib/jvm/java-7-openjdk-common/jre/lib/ext/zipfs.jar
b77a9000-b77aa000 r--p 002c5000 08:04 523411     /usr/lib/locale/locale-archive
b77aa000-b77ab000 rw-p 00000000 00:00 0 
b77ab000-b77ac000 r--p 00000000 00:00 0 
b77ac000-b77af000 rw-p 00000000 00:00 0 
bfc10000-bfc31000 rw-p 00000000 00:00 0          [stack]

VM Arguments:
jvm_args: -Dclassworlds.conf=/home/miguelgd/netbeans/netbeans-7.3/java/maven/bin/m2.conf -Dmaven.home=/home/miguelgd/netbeans/netbeans-7.3/java/maven 
java_command: org.codehaus.plexus.classworlds.launcher.Launcher clean install
Launcher Type: SUN_STANDARD

Environment Variables:
JAVA_HOME=/usr/lib/jvm/java-7-openjdk-i386
PATH=/usr/lib/lightdm/lightdm:/usr/local/sbin:/usr/local/bin:/usr/sbin:/usr/bin:/sbin:/bin:/usr/games
LD_LIBRARY_PATH=/usr/lib/jvm/java-7-openjdk-i386/jre/lib/amd64:/usr/lib/jvm/java-7-openjdk-i386/jre/lib/i386:
SHELL=/bin/bash
DISPLAY=:0

Signal Handlers:
SIGSEGV: [libjvm.so+0x753ab0], sa_mask[0]=0x7ffbfeff, sa_flags=0x10000004
SIGBUS: [libjvm.so+0x753ab0], sa_mask[0]=0x7ffbfeff, sa_flags=0x10000004
SIGFPE: [libjvm.so+0x5e95d0], sa_mask[0]=0x7ffbfeff, sa_flags=0x10000004
SIGPIPE: [libjvm.so+0x5e95d0], sa_mask[0]=0x7ffbfeff, sa_flags=0x10000004
SIGXFSZ: [libjvm.so+0x5e95d0], sa_mask[0]=0x7ffbfeff, sa_flags=0x10000004
SIGILL: [libjvm.so+0x5e95d0], sa_mask[0]=0x7ffbfeff, sa_flags=0x10000004
SIGUSR1: SIG_DFL, sa_mask[0]=0x00000000, sa_flags=0x00000000
SIGUSR2: [libjvm.so+0x5e9460], sa_mask[0]=0x00000004, sa_flags=0x10000004
SIGHUP: [libjvm.so+0x5e9ae0], sa_mask[0]=0x7ffbfeff, sa_flags=0x10000004
SIGINT: SIG_IGN, sa_mask[0]=0x00000000, sa_flags=0x00000000
SIGTERM: [libjvm.so+0x5e9ae0], sa_mask[0]=0x7ffbfeff, sa_flags=0x10000004
SIGQUIT: [libjvm.so+0x5e9ae0], sa_mask[0]=0x7ffbfeff, sa_flags=0x10000004


---------------  S Y S T E M  ---------------

OS:Ubuntu 12.04 (precise)
uname:Linux 3.2.0-41-generic #66-Ubuntu SMP Thu Apr 25 03:28:09 UTC 2013 i686
libc:glibc 2.15 NPTL 2.15 
rlimit: STACK 8192k, CORE 0k, NPROC 24560, NOFILE 4096, AS infinity
load average:0.46 0.47 0.33

/proc/meminfo:
MemTotal:        3158368 kB
MemFree:          559768 kB
Buffers:          155752 kB
Cached:           755980 kB
SwapCached:         8952 kB
Active:          1612876 kB
Inactive:         795228 kB
Active(anon):    1174388 kB
Inactive(anon):   331512 kB
Active(file):     438488 kB
Inactive(file):   463716 kB
Unevictable:         124 kB
Mlocked:             124 kB
HighTotal:       2297776 kB
HighFree:         227844 kB
LowTotal:         860592 kB
LowFree:          331924 kB
SwapTotal:       4999164 kB
SwapFree:        4934404 kB
Dirty:             17956 kB
Writeback:             0 kB
AnonPages:       1488516 kB
Mapped:           154976 kB
Shmem:              9524 kB
Slab:             113588 kB
SReclaimable:      84144 kB
SUnreclaim:        29444 kB
KernelStack:        4664 kB
PageTables:        11320 kB
NFS_Unstable:          0 kB
Bounce:                0 kB
WritebackTmp:          0 kB
CommitLimit:     6578348 kB
Committed_AS:    4851072 kB
VmallocTotal:     122880 kB
VmallocUsed:       65340 kB
VmallocChunk:      53332 kB
HardwareCorrupted:     0 kB
AnonHugePages:         0 kB
HugePages_Total:       0
HugePages_Free:        0
HugePages_Rsvd:        0
HugePages_Surp:        0
Hugepagesize:       4096 kB
DirectMap4k:      114680 kB
DirectMap4M:      794624 kB


CPU:total 8 (4 cores per cpu, 2 threads per core) family 6 model 30 stepping 5, cmov, cx8, fxsr, mmx, sse, sse2, sse3, ssse3, sse4.1, sse4.2, popcnt, ht, tsc, tscinvbit

/proc/cpuinfo:
processor	: 0
vendor_id	: GenuineIntel
cpu family	: 6
model		: 30
model name	: Intel(R) Core(TM) i7 CPU       Q 720  @ 1.60GHz
stepping	: 5
microcode	: 0x3
cpu MHz		: 1600.000
cache size	: 6144 KB
physical id	: 0
siblings	: 8
core id		: 0
cpu cores	: 4
apicid		: 0
initial apicid	: 0
fdiv_bug	: no
hlt_bug		: no
f00f_bug	: no
coma_bug	: no
fpu		: yes
fpu_exception	: yes
cpuid level	: 11
wp		: yes
flags		: fpu vme de pse tsc msr pae mce cx8 apic mtrr pge mca cmov pat pse36 clflush dts acpi mmx fxsr sse sse2 ss ht tm pbe nx rdtscp lm constant_tsc arch_perfmon pebs bts xtopology nonstop_tsc aperfmperf pni dtes64 monitor ds_cpl vmx smx est tm2 ssse3 cx16 xtpr pdcm sse4_1 sse4_2 popcnt lahf_lm ida dtherm tpr_shadow vnmi flexpriority ept vpid
bogomips	: 3192.28
clflush size	: 64
cache_alignment	: 64
address sizes	: 36 bits physical, 48 bits virtual
power management:

processor	: 1
vendor_id	: GenuineIntel
cpu family	: 6
model		: 30
model name	: Intel(R) Core(TM) i7 CPU       Q 720  @ 1.60GHz
stepping	: 5
microcode	: 0x3
cpu MHz		: 933.000
cache size	: 6144 KB
physical id	: 0
siblings	: 8
core id		: 0
cpu cores	: 4
apicid		: 1
initial apicid	: 1
fdiv_bug	: no
hlt_bug		: no
f00f_bug	: no
coma_bug	: no
fpu		: yes
fpu_exception	: yes
cpuid level	: 11
wp		: yes
flags		: fpu vme de pse tsc msr pae mce cx8 apic mtrr pge mca cmov pat pse36 clflush dts acpi mmx fxsr sse sse2 ss ht tm pbe nx rdtscp lm constant_tsc arch_perfmon pebs bts xtopology nonstop_tsc aperfmperf pni dtes64 monitor ds_cpl vmx smx est tm2 ssse3 cx16 xtpr pdcm sse4_1 sse4_2 popcnt lahf_lm ida dtherm tpr_shadow vnmi flexpriority ept vpid
bogomips	: 3191.85
clflush size	: 64
cache_alignment	: 64
address sizes	: 36 bits physical, 48 bits virtual
power management:

processor	: 2
vendor_id	: GenuineIntel
cpu family	: 6
model		: 30
model name	: Intel(R) Core(TM) i7 CPU       Q 720  @ 1.60GHz
stepping	: 5
microcode	: 0x3
cpu MHz		: 1600.000
cache size	: 6144 KB
physical id	: 0
siblings	: 8
core id		: 1
cpu cores	: 4
apicid		: 2
initial apicid	: 2
fdiv_bug	: no
hlt_bug		: no
f00f_bug	: no
coma_bug	: no
fpu		: yes
fpu_exception	: yes
cpuid level	: 11
wp		: yes
flags		: fpu vme de pse tsc msr pae mce cx8 apic mtrr pge mca cmov pat pse36 clflush dts acpi mmx fxsr sse sse2 ss ht tm pbe nx rdtscp lm constant_tsc arch_perfmon pebs bts xtopology nonstop_tsc aperfmperf pni dtes64 monitor ds_cpl vmx smx est tm2 ssse3 cx16 xtpr pdcm sse4_1 sse4_2 popcnt lahf_lm ida dtherm tpr_shadow vnmi flexpriority ept vpid
bogomips	: 3191.85
clflush size	: 64
cache_alignment	: 64
address sizes	: 36 bits physical, 48 bits virtual
power management:

processor	: 3
vendor_id	: GenuineIntel
cpu family	: 6
model		: 30
model name	: Intel(R) Core(TM) i7 CPU       Q 720  @ 1.60GHz
stepping	: 5
microcode	: 0x3
cpu MHz		: 1600.000
cache size	: 6144 KB
physical id	: 0
siblings	: 8
core id		: 1
cpu cores	: 4
apicid		: 3
initial apicid	: 3
fdiv_bug	: no
hlt_bug		: no
f00f_bug	: no
coma_bug	: no
fpu		: yes
fpu_exception	: yes
cpuid level	: 11
wp		: yes
flags		: fpu vme de pse tsc msr pae mce cx8 apic mtrr pge mca cmov pat pse36 clflush dts acpi mmx fxsr sse sse2 ss ht tm pbe nx rdtscp lm constant_tsc arch_perfmon pebs bts xtopology nonstop_tsc aperfmperf pni dtes64 monitor ds_cpl vmx smx est tm2 ssse3 cx16 xtpr pdcm sse4_1 sse4_2 popcnt lahf_lm ida dtherm tpr_shadow vnmi flexpriority ept vpid
bogomips	: 3191.88
clflush size	: 64
cache_alignment	: 64
address sizes	: 36 bits physical, 48 bits virtual
power management:

processor	: 4
vendor_id	: GenuineIntel
cpu family	: 6
model		: 30
model name	: Intel(R) Core(TM) i7 CPU       Q 720  @ 1.60GHz
stepping	: 5
microcode	: 0x3
cpu MHz		: 933.000
cache size	: 6144 KB
physical id	: 0
siblings	: 8
core id		: 2
cpu cores	: 4
apicid		: 4
initial apicid	: 4
fdiv_bug	: no
hlt_bug		: no
f00f_bug	: no
coma_bug	: no
fpu		: yes
fpu_exception	: yes
cpuid level	: 11
wp		: yes
flags		: fpu vme de pse tsc msr pae mce cx8 apic mtrr pge mca cmov pat pse36 clflush dts acpi mmx fxsr sse sse2 ss ht tm pbe nx rdtscp lm constant_tsc arch_perfmon pebs bts xtopology nonstop_tsc aperfmperf pni dtes64 monitor ds_cpl vmx smx est tm2 ssse3 cx16 xtpr pdcm sse4_1 sse4_2 popcnt lahf_lm ida dtherm tpr_shadow vnmi flexpriority ept vpid
bogomips	: 3191.86
clflush size	: 64
cache_alignment	: 64
address sizes	: 36 bits physical, 48 bits virtual
power management:

processor	: 5
vendor_id	: GenuineIntel
cpu family	: 6
model		: 30
model name	: Intel(R) Core(TM) i7 CPU       Q 720  @ 1.60GHz
stepping	: 5
microcode	: 0x3
cpu MHz		: 1600.000
cache size	: 6144 KB
physical id	: 0
siblings	: 8
core id		: 2
cpu cores	: 4
apicid		: 5
initial apicid	: 5
fdiv_bug	: no
hlt_bug		: no
f00f_bug	: no
coma_bug	: no
fpu		: yes
fpu_exception	: yes
cpuid level	: 11
wp		: yes
flags		: fpu vme de pse tsc msr pae mce cx8 apic mtrr pge mca cmov pat pse36 clflush dts acpi mmx fxsr sse sse2 ss ht tm pbe nx rdtscp lm constant_tsc arch_perfmon pebs bts xtopology nonstop_tsc aperfmperf pni dtes64 monitor ds_cpl vmx smx est tm2 ssse3 cx16 xtpr pdcm sse4_1 sse4_2 popcnt lahf_lm ida dtherm tpr_shadow vnmi flexpriority ept vpid
bogomips	: 3191.84
clflush size	: 64
cache_alignment	: 64
address sizes	: 36 bits physical, 48 bits virtual
power management:

processor	: 6
vendor_id	: GenuineIntel
cpu family	: 6
model		: 30
model name	: Intel(R) Core(TM) i7 CPU       Q 720  @ 1.60GHz
stepping	: 5
microcode	: 0x3
cpu MHz		: 1600.000
cache size	: 6144 KB
physical id	: 0
siblings	: 8
core id		: 3
cpu cores	: 4
apicid		: 6
initial apicid	: 6
fdiv_bug	: no
hlt_bug		: no
f00f_bug	: no
coma_bug	: no
fpu		: yes
fpu_exception	: yes
cpuid level	: 11
wp		: yes
flags		: fpu vme de pse tsc msr pae mce cx8 apic mtrr pge mca cmov pat pse36 clflush dts acpi mmx fxsr sse sse2 ss ht tm pbe nx rdtscp lm constant_tsc arch_perfmon pebs bts xtopology nonstop_tsc aperfmperf pni dtes64 monitor ds_cpl vmx smx est tm2 ssse3 cx16 xtpr pdcm sse4_1 sse4_2 popcnt lahf_lm ida dtherm tpr_shadow vnmi flexpriority ept vpid
bogomips	: 3191.86
clflush size	: 64
cache_alignment	: 64
address sizes	: 36 bits physical, 48 bits virtual
power management:

processor	: 7
vendor_id	: GenuineIntel
cpu family	: 6
model		: 30
model name	: Intel(R) Core(TM) i7 CPU       Q 720  @ 1.60GHz
stepping	: 5
microcode	: 0x3
cpu MHz		: 1600.000
cache size	: 6144 KB
physical id	: 0
siblings	: 8
core id		: 3
cpu cores	: 4
apicid		: 7
initial apicid	: 7
fdiv_bug	: no
hlt_bug		: no
f00f_bug	: no
coma_bug	: no
fpu		: yes
fpu_exception	: yes
cpuid level	: 11
wp		: yes
flags		: fpu vme de pse tsc msr pae mce cx8 apic mtrr pge mca cmov pat pse36 clflush dts acpi mmx fxsr sse sse2 ss ht tm pbe nx rdtscp lm constant_tsc arch_perfmon pebs bts xtopology nonstop_tsc aperfmperf pni dtes64 monitor ds_cpl vmx smx est tm2 ssse3 cx16 xtpr pdcm sse4_1 sse4_2 popcnt lahf_lm ida dtherm tpr_shadow vnmi flexpriority ept vpid
bogomips	: 3191.86
clflush size	: 64
cache_alignment	: 64
address sizes	: 36 bits physical, 48 bits virtual
power management:



Memory: 4k page, physical 3158368k(559768k free), swap 4999164k(4934404k free)

vm_info: OpenJDK Server VM (23.7-b01) for linux-x86 JRE (1.7.0_21-b02), built on Apr 23 2013 13:58:31 by "buildd" with gcc 4.6.3

time: Thu May 16 15:53:41 2013
elapsed time: 9 seconds

